  [1m[36m (13.0ms)[0m  [1mCREATE TABLE "schema_migrations" ("version" character varying NOT NULL) [0m
  [1m[35m (4.2ms)[0m  CREATE UNIQUE INDEX  "unique_schema_migrations" ON "schema_migrations"  ("version")
  [1m[36mActiveRecord::SchemaMigration Load (0.3ms)[0m  [1mSELECT "schema_migrations".* FROM "schema_migrations"[0m
Migrating to DeviseCreateUsers (20151111030905)
  [1m[35m (0.4ms)[0m  BEGIN
  [1m[36m (11.8ms)[0m  [1mCREATE TABLE "users" ("id" serial primary key, "email" character varying DEFAULT '' NOT NULL, "encrypted_password" character varying DEFAULT '' NOT NULL, "reset_password_token" character varying, "reset_password_sent_at" timestamp, "remember_created_at" timestamp, "sign_in_count" integer DEFAULT 0 NOT NULL, "current_sign_in_at" timestamp, "last_sign_in_at" timestamp, "current_sign_in_ip" inet, "last_sign_in_ip" inet, "confirmation_token" character varying, "confirmed_at" timestamp, "confirmation_sent_at" timestamp, "unconfirmed_email" character varying, "skip_confirm_change_password" boolean DEFAULT 'f', "tenant_id" integer, "created_at" timestamp NOT NULL, "updated_at" timestamp NOT NULL) [0m
  [1m[35m (3.2ms)[0m  CREATE UNIQUE INDEX  "index_users_on_email" ON "users"  ("email")
  [1m[36m (3.0ms)[0m  [1mCREATE UNIQUE INDEX  "index_users_on_reset_password_token" ON "users"  ("reset_password_token")[0m
  [1m[35m (4.7ms)[0m  CREATE UNIQUE INDEX  "index_users_on_confirmation_token" ON "users"  ("confirmation_token")
  [1m[36mSQL (0.3ms)[0m  [1mINSERT INTO "schema_migrations" ("version") VALUES ($1)[0m  [["version", "20151111030905"]]
  [1m[35m (4.3ms)[0m  COMMIT
Migrating to AddSessionsTable (20151111030911)
  [1m[36m (0.2ms)[0m  [1mBEGIN[0m
DEPRECATION WARNING: `#timestamps` was called without specifying an option for `null`. In Rails 5, this behavior will change to `null: false`. You should manually specify `null: true` to prevent the behavior of your existing migrations from changing. (called from block in change at /home/ubuntu/workspace/db/migrate/20151111030911_add_sessions_table.rb:6)
  [1m[35m (8.8ms)[0m  CREATE TABLE "sessions" ("id" serial primary key, "session_id" character varying NOT NULL, "data" text, "created_at" timestamp, "updated_at" timestamp) 
  [1m[36m (3.1ms)[0m  [1mCREATE UNIQUE INDEX  "index_sessions_on_session_id" ON "sessions"  ("session_id")[0m
  [1m[35m (4.5ms)[0m  CREATE  INDEX  "index_sessions_on_updated_at" ON "sessions"  ("updated_at")
  [1m[36mSQL (0.1ms)[0m  [1mINSERT INTO "schema_migrations" ("version") VALUES ($1)[0m  [["version", "20151111030911"]]
  [1m[35m (3.0ms)[0m  COMMIT
Migrating to CreateTenants (20151111030912)
  [1m[36m (0.2ms)[0m  [1mBEGIN[0m
  [1m[35m (8.6ms)[0m  CREATE TABLE "tenants" ("id" serial primary key, "tenant_id" integer, "name" character varying, "created_at" timestamp NOT NULL, "updated_at" timestamp NOT NULL) 
  [1m[36m (3.1ms)[0m  [1mCREATE  INDEX  "index_tenants_on_tenant_id" ON "tenants"  ("tenant_id")[0m
  [1m[35m (3.0ms)[0m  ALTER TABLE "tenants" ADD CONSTRAINT "fk_rails_19e3860bba"
FOREIGN KEY ("tenant_id")
  REFERENCES "tenants" ("id")

  [1m[36m (4.6ms)[0m  [1mCREATE  INDEX  "index_tenants_on_name" ON "tenants"  ("name")[0m
  [1m[35mSQL (0.1ms)[0m  INSERT INTO "schema_migrations" ("version") VALUES ($1)  [["version", "20151111030912"]]
  [1m[36m (3.4ms)[0m  [1mCOMMIT[0m
Migrating to CreateTenantsUsersJoinTable (20151111030913)
  [1m[35m (0.2ms)[0m  BEGIN
  [1m[36m (0.6ms)[0m  [1mCREATE TABLE "tenants_users" ("tenant_id" integer NOT NULL, "user_id" integer NOT NULL) [0m
  [1m[35m (3.6ms)[0m  CREATE  INDEX  "index_tenants_users_on_tenant_id_and_user_id" ON "tenants_users"  ("tenant_id", "user_id")
  [1m[36mSQL (0.1ms)[0m  [1mINSERT INTO "schema_migrations" ("version") VALUES ($1)[0m  [["version", "20151111030913"]]
  [1m[35m (2.9ms)[0m  COMMIT
Migrating to CreateMembers (20151111030914)
  [1m[36m (0.2ms)[0m  [1mBEGIN[0m
  [1m[35m (7.8ms)[0m  CREATE TABLE "members" ("id" serial primary key, "tenant_id" integer, "user_id" integer, "first_name" character varying, "last_name" character varying, "created_at" timestamp NOT NULL, "updated_at" timestamp NOT NULL) 
  [1m[36m (4.4ms)[0m  [1mCREATE  INDEX  "index_members_on_tenant_id" ON "members"  ("tenant_id")[0m
  [1m[35m (3.2ms)[0m  CREATE  INDEX  "index_members_on_user_id" ON "members"  ("user_id")
  [1m[36m (1.2ms)[0m  [1mALTER TABLE "members" ADD CONSTRAINT "fk_rails_4e4771d44b"
FOREIGN KEY ("tenant_id")
  REFERENCES "tenants" ("id")
[0m
  [1m[35m (2.6ms)[0m  ALTER TABLE "members" ADD CONSTRAINT "fk_rails_2e88fb7ce9"
FOREIGN KEY ("user_id")
  REFERENCES "users" ("id")

  [1m[36mSQL (0.1ms)[0m  [1mINSERT INTO "schema_migrations" ("version") VALUES ($1)[0m  [["version", "20151111030914"]]
  [1m[35m (4.1ms)[0m  COMMIT
Migrating to AddPlanToTenants (20151111144620)
  [1m[36m (0.2ms)[0m  [1mBEGIN[0m
  [1m[35m (0.2ms)[0m  ALTER TABLE "tenants" ADD "plan" character varying
  [1m[36mSQL (0.1ms)[0m  [1mINSERT INTO "schema_migrations" ("version") VALUES ($1)[0m  [["version", "20151111144620"]]
  [1m[35m (2.0ms)[0m  COMMIT
Migrating to CreateProjects (20151112143138)
  [1m[36m (0.1ms)[0m  [1mBEGIN[0m
  [1m[35m (8.1ms)[0m  CREATE TABLE "projects" ("id" serial primary key, "title" character varying, "details" character varying, "expected_completion_date" date, "tenant_id" integer, "created_at" timestamp NOT NULL, "updated_at" timestamp NOT NULL) 
  [1m[36m (4.1ms)[0m  [1mCREATE  INDEX  "index_projects_on_tenant_id" ON "projects"  ("tenant_id")[0m
  [1m[35m (2.7ms)[0m  ALTER TABLE "projects" ADD CONSTRAINT "fk_rails_c6b5275ea1"
FOREIGN KEY ("tenant_id")
  REFERENCES "tenants" ("id")

  [1m[36mSQL (0.1ms)[0m  [1mINSERT INTO "schema_migrations" ("version") VALUES ($1)[0m  [["version", "20151112143138"]]
  [1m[35m (3.9ms)[0m  COMMIT
Migrating to CreateArtifacts (20151112174415)
  [1m[36m (0.2ms)[0m  [1mBEGIN[0m
  [1m[35m (6.9ms)[0m  CREATE TABLE "artifacts" ("id" serial primary key, "name" character varying, "key" character varying, "project_id" integer, "created_at" timestamp NOT NULL, "updated_at" timestamp NOT NULL) 
  [1m[36m (3.1ms)[0m  [1mCREATE  INDEX  "index_artifacts_on_project_id" ON "artifacts"  ("project_id")[0m
  [1m[35m (0.8ms)[0m  ALTER TABLE "artifacts" ADD CONSTRAINT "fk_rails_e377d90c10"
FOREIGN KEY ("project_id")
  REFERENCES "projects" ("id")

  [1m[36mSQL (0.1ms)[0m  [1mINSERT INTO "schema_migrations" ("version") VALUES ($1)[0m  [["version", "20151112174415"]]
  [1m[35m (4.1ms)[0m  COMMIT
Migrating to CreatePayments (20151113013428)
  [1m[36m (0.2ms)[0m  [1mBEGIN[0m
  [1m[35m (7.5ms)[0m  CREATE TABLE "payments" ("id" serial primary key, "email" character varying, "token" character varying, "tenant_id" integer, "created_at" timestamp NOT NULL, "updated_at" timestamp NOT NULL) 
  [1m[36m (3.2ms)[0m  [1mCREATE  INDEX  "index_payments_on_tenant_id" ON "payments"  ("tenant_id")[0m
  [1m[35m (0.8ms)[0m  ALTER TABLE "payments" ADD CONSTRAINT "fk_rails_37fe743ccd"
FOREIGN KEY ("tenant_id")
  REFERENCES "tenants" ("id")

  [1m[36mSQL (0.1ms)[0m  [1mINSERT INTO "schema_migrations" ("version") VALUES ($1)[0m  [["version", "20151113013428"]]
  [1m[35m (5.0ms)[0m  COMMIT
Migrating to AddIsAdminToUsers (20151117025253)
  [1m[36m (0.2ms)[0m  [1mBEGIN[0m
  [1m[35m (15.1ms)[0m  ALTER TABLE "users" ADD "is_admin" boolean DEFAULT 'f'
  [1m[36mSQL (0.1ms)[0m  [1mINSERT INTO "schema_migrations" ("version") VALUES ($1)[0m  [["version", "20151117025253"]]
  [1m[35m (4.9ms)[0m  COMMIT
Migrating to CreateUserProjects (20151117032915)
  [1m[36m (0.2ms)[0m  [1mBEGIN[0m
  [1m[35m (4.0ms)[0m  CREATE TABLE "user_projects" ("id" serial primary key, "project_id" integer, "user_id" integer, "created_at" timestamp NOT NULL, "updated_at" timestamp NOT NULL) 
  [1m[36m (3.1ms)[0m  [1mCREATE  INDEX  "index_user_projects_on_project_id" ON "user_projects"  ("project_id")[0m
  [1m[35m (4.3ms)[0m  CREATE  INDEX  "index_user_projects_on_user_id" ON "user_projects"  ("user_id")
  [1m[36m (3.1ms)[0m  [1mALTER TABLE "user_projects" ADD CONSTRAINT "fk_rails_f58e9073ce"
FOREIGN KEY ("project_id")
  REFERENCES "projects" ("id")
[0m
  [1m[35m (1.1ms)[0m  ALTER TABLE "user_projects" ADD CONSTRAINT "fk_rails_d19c0da646"
FOREIGN KEY ("user_id")
  REFERENCES "users" ("id")

  [1m[36mSQL (0.1ms)[0m  [1mINSERT INTO "schema_migrations" ("version") VALUES ($1)[0m  [["version", "20151117032915"]]
  [1m[35m (3.2ms)[0m  COMMIT
  [1m[36mActiveRecord::SchemaMigration Load (0.2ms)[0m  [1mSELECT "schema_migrations".* FROM "schema_migrations"[0m
  [1m[35m (5.6ms)[0m  SELECT t2.oid::regclass::text AS to_table, a1.attname AS column, a2.attname AS primary_key, c.conname AS name, c.confupdtype AS on_update, c.confdeltype AS on_delete
FROM pg_constraint c
JOIN pg_class t1 ON c.conrelid = t1.oid
JOIN pg_class t2 ON c.confrelid = t2.oid
JOIN pg_attribute a1 ON a1.attnum = c.conkey[1] AND a1.attrelid = t1.oid
JOIN pg_attribute a2 ON a2.attnum = c.confkey[1] AND a2.attrelid = t2.oid
JOIN pg_namespace t3 ON c.connamespace = t3.oid
WHERE c.contype = 'f'
  AND t1.relname = 'artifacts'
  AND t3.nspname = ANY (current_schemas(false))
ORDER BY c.conname

  [1m[36m (2.0ms)[0m  [1mSELECT t2.oid::regclass::text AS to_table, a1.attname AS column, a2.attname AS primary_key, c.conname AS name, c.confupdtype AS on_update, c.confdeltype AS on_delete
FROM pg_constraint c
JOIN pg_class t1 ON c.conrelid = t1.oid
JOIN pg_class t2 ON c.confrelid = t2.oid
JOIN pg_attribute a1 ON a1.attnum = c.conkey[1] AND a1.attrelid = t1.oid
JOIN pg_attribute a2 ON a2.attnum = c.confkey[1] AND a2.attrelid = t2.oid
JOIN pg_namespace t3 ON c.connamespace = t3.oid
WHERE c.contype = 'f'
  AND t1.relname = 'members'
  AND t3.nspname = ANY (current_schemas(false))
ORDER BY c.conname
[0m
  [1m[35m (2.3ms)[0m  SELECT t2.oid::regclass::text AS to_table, a1.attname AS column, a2.attname AS primary_key, c.conname AS name, c.confupdtype AS on_update, c.confdeltype AS on_delete
FROM pg_constraint c
JOIN pg_class t1 ON c.conrelid = t1.oid
JOIN pg_class t2 ON c.confrelid = t2.oid
JOIN pg_attribute a1 ON a1.attnum = c.conkey[1] AND a1.attrelid = t1.oid
JOIN pg_attribute a2 ON a2.attnum = c.confkey[1] AND a2.attrelid = t2.oid
JOIN pg_namespace t3 ON c.connamespace = t3.oid
WHERE c.contype = 'f'
  AND t1.relname = 'payments'
  AND t3.nspname = ANY (current_schemas(false))
ORDER BY c.conname

  [1m[36m (2.3ms)[0m  [1mSELECT t2.oid::regclass::text AS to_table, a1.attname AS column, a2.attname AS primary_key, c.conname AS name, c.confupdtype AS on_update, c.confdeltype AS on_delete
FROM pg_constraint c
JOIN pg_class t1 ON c.conrelid = t1.oid
JOIN pg_class t2 ON c.confrelid = t2.oid
JOIN pg_attribute a1 ON a1.attnum = c.conkey[1] AND a1.attrelid = t1.oid
JOIN pg_attribute a2 ON a2.attnum = c.confkey[1] AND a2.attrelid = t2.oid
JOIN pg_namespace t3 ON c.connamespace = t3.oid
WHERE c.contype = 'f'
  AND t1.relname = 'projects'
  AND t3.nspname = ANY (current_schemas(false))
ORDER BY c.conname
[0m
  [1m[35m (2.3ms)[0m  SELECT t2.oid::regclass::text AS to_table, a1.attname AS column, a2.attname AS primary_key, c.conname AS name, c.confupdtype AS on_update, c.confdeltype AS on_delete
FROM pg_constraint c
JOIN pg_class t1 ON c.conrelid = t1.oid
JOIN pg_class t2 ON c.confrelid = t2.oid
JOIN pg_attribute a1 ON a1.attnum = c.conkey[1] AND a1.attrelid = t1.oid
JOIN pg_attribute a2 ON a2.attnum = c.confkey[1] AND a2.attrelid = t2.oid
JOIN pg_namespace t3 ON c.connamespace = t3.oid
WHERE c.contype = 'f'
  AND t1.relname = 'sessions'
  AND t3.nspname = ANY (current_schemas(false))
ORDER BY c.conname

  [1m[36m (2.3ms)[0m  [1mSELECT t2.oid::regclass::text AS to_table, a1.attname AS column, a2.attname AS primary_key, c.conname AS name, c.confupdtype AS on_update, c.confdeltype AS on_delete
FROM pg_constraint c
JOIN pg_class t1 ON c.conrelid = t1.oid
JOIN pg_class t2 ON c.confrelid = t2.oid
JOIN pg_attribute a1 ON a1.attnum = c.conkey[1] AND a1.attrelid = t1.oid
JOIN pg_attribute a2 ON a2.attnum = c.confkey[1] AND a2.attrelid = t2.oid
JOIN pg_namespace t3 ON c.connamespace = t3.oid
WHERE c.contype = 'f'
  AND t1.relname = 'tenants'
  AND t3.nspname = ANY (current_schemas(false))
ORDER BY c.conname
[0m
  [1m[35m (2.3ms)[0m  SELECT t2.oid::regclass::text AS to_table, a1.attname AS column, a2.attname AS primary_key, c.conname AS name, c.confupdtype AS on_update, c.confdeltype AS on_delete
FROM pg_constraint c
JOIN pg_class t1 ON c.conrelid = t1.oid
JOIN pg_class t2 ON c.confrelid = t2.oid
JOIN pg_attribute a1 ON a1.attnum = c.conkey[1] AND a1.attrelid = t1.oid
JOIN pg_attribute a2 ON a2.attnum = c.confkey[1] AND a2.attrelid = t2.oid
JOIN pg_namespace t3 ON c.connamespace = t3.oid
WHERE c.contype = 'f'
  AND t1.relname = 'tenants_users'
  AND t3.nspname = ANY (current_schemas(false))
ORDER BY c.conname

  [1m[36m (2.3ms)[0m  [1mSELECT t2.oid::regclass::text AS to_table, a1.attname AS column, a2.attname AS primary_key, c.conname AS name, c.confupdtype AS on_update, c.confdeltype AS on_delete
FROM pg_constraint c
JOIN pg_class t1 ON c.conrelid = t1.oid
JOIN pg_class t2 ON c.confrelid = t2.oid
JOIN pg_attribute a1 ON a1.attnum = c.conkey[1] AND a1.attrelid = t1.oid
JOIN pg_attribute a2 ON a2.attnum = c.confkey[1] AND a2.attrelid = t2.oid
JOIN pg_namespace t3 ON c.connamespace = t3.oid
WHERE c.contype = 'f'
  AND t1.relname = 'user_projects'
  AND t3.nspname = ANY (current_schemas(false))
ORDER BY c.conname
[0m
  [1m[35m (2.2ms)[0m  SELECT t2.oid::regclass::text AS to_table, a1.attname AS column, a2.attname AS primary_key, c.conname AS name, c.confupdtype AS on_update, c.confdeltype AS on_delete
FROM pg_constraint c
JOIN pg_class t1 ON c.conrelid = t1.oid
JOIN pg_class t2 ON c.confrelid = t2.oid
JOIN pg_attribute a1 ON a1.attnum = c.conkey[1] AND a1.attrelid = t1.oid
JOIN pg_attribute a2 ON a2.attnum = c.confkey[1] AND a2.attrelid = t2.oid
JOIN pg_namespace t3 ON c.connamespace = t3.oid
WHERE c.contype = 'f'
  AND t1.relname = 'users'
  AND t3.nspname = ANY (current_schemas(false))
ORDER BY c.conname

